
state 0
	$accept: .input $end 

	EXPLAIN  shift 3
	SELECT  shift 11
	FROM  shift 10
	.  error

	input  goto 1
	stmt  goto 2
	select_stmt  goto 4
	select_compound  goto 5
	select_core  goto 6
	select_select  goto 7
	select_from_required  goto 8
	select_select_head  goto 9

state 1
	$accept:  input.$end 

	$end  accept
	.  error


state 2
	input:  stmt.    (1)

	.  reduce 1 (src line 48)


state 3
	input:  EXPLAIN.stmt 

	SELECT  shift 11
	FROM  shift 10
	.  error

	stmt  goto 12
	select_stmt  goto 4
	select_compound  goto 5
	select_core  goto 6
	select_select  goto 7
	select_from_required  goto 8
	select_select_head  goto 9

state 4
	stmt:  select_stmt.    (3)

	.  reduce 3 (src line 58)


state 5
	select_stmt:  select_compound.    (4)

	.  reduce 4 (src line 65)


state 6
	select_compound:  select_core.select_order select_limit_offset 
	select_order: .    (34)

	ORDER  shift 14
	.  reduce 34 (src line 294)

	select_order  goto 13

state 7
	select_core:  select_select.select_from select_where select_group_having 
	select_from: .    (25)

	FROM  shift 16
	.  reduce 25 (src line 222)

	select_from  goto 15

state 8
	select_core:  select_from_required.select_where select_group_having select_select 
	select_where: .    (32)

	WHERE  shift 18
	.  reduce 32 (src line 278)

	select_where  goto 17

state 9
	select_select:  select_select_head.select_select_qualifier select_select_tail 
	select_select_qualifier: .    (14)

	DISTINCT  shift 20
	UNIQUE  shift 21
	.  reduce 14 (src line 131)

	select_select_qualifier  goto 19

state 10
	select_from_required:  FROM.data_source_over 

	IDENTIFIER  shift 25
	.  error

	data_source_over  goto 22
	data_source  goto 23
	path  goto 24

state 11
	select_select_head:  SELECT.    (13)

	.  reduce 13 (src line 125)


state 12
	input:  EXPLAIN stmt.    (2)

	.  reduce 2 (src line 52)


state 13
	select_compound:  select_core select_order.select_limit_offset 
	select_limit_offset: .    (41)

	LIMIT  shift 28
	.  reduce 41 (src line 345)

	select_limit_offset  goto 26
	select_limit  goto 27

state 14
	select_order:  ORDER.BY sorting_list 

	BY  shift 29
	.  error


state 15
	select_core:  select_select select_from.select_where select_group_having 
	select_where: .    (32)

	WHERE  shift 18
	.  reduce 32 (src line 278)

	select_where  goto 30

state 16
	select_from:  FROM.data_source_over 

	IDENTIFIER  shift 25
	.  error

	data_source_over  goto 31
	data_source  goto 23
	path  goto 24

state 17
	select_core:  select_from_required select_where.select_group_having select_select 
	select_group_having: .    (8)

	GROUP  shift 33
	.  reduce 8 (src line 88)

	select_group_having  goto 32

state 18
	select_where:  WHERE.expression 

	LBRACE  shift 56
	LBRACKET  shift 57
	TRUE  shift 51
	FALSE  shift 52
	NULL  shift 53
	INT  shift 54
	NUMBER  shift 55
	IDENTIFIER  shift 41
	STRING  shift 47
	MINUS  shift 38
	NOT  shift 37
	LPAREN  shift 43
	CASE  shift 44
	ANY  shift 45
	ALL  shift 46
	.  error

	expression  goto 34
	expr  goto 35
	prefix_expr  goto 36
	suffix_expr  goto 39
	atom  goto 40
	literal_value  goto 42
	number  goto 48
	object  goto 49
	array  goto 50

state 19
	select_select:  select_select_head select_select_qualifier.select_select_tail 

	LBRACE  shift 56
	LBRACKET  shift 57
	TRUE  shift 51
	FALSE  shift 52
	NULL  shift 53
	INT  shift 54
	NUMBER  shift 55
	IDENTIFIER  shift 41
	STRING  shift 47
	MINUS  shift 38
	MULT  shift 63
	NOT  shift 37
	LPAREN  shift 43
	CASE  shift 44
	ANY  shift 45
	ALL  shift 46
	.  error

	expression  goto 62
	select_select_tail  goto 58
	result_list  goto 59
	result_single  goto 60
	dotted_path_star  goto 61
	expr  goto 64
	prefix_expr  goto 36
	suffix_expr  goto 39
	atom  goto 40
	literal_value  goto 42
	number  goto 48
	object  goto 49
	array  goto 50

state 20
	select_select_qualifier:  DISTINCT.    (15)

	.  reduce 15 (src line 134)


state 21
	select_select_qualifier:  UNIQUE.    (16)

	.  reduce 16 (src line 144)


state 22
	select_from_required:  FROM data_source_over.    (27)

	.  reduce 27 (src line 238)


state 23
	data_source_over:  data_source.    (28)
	data_source_over:  data_source.OVER data_source_over 

	OVER  shift 65
	.  reduce 28 (src line 250)


state 24
	data_source:  path.    (30)
	data_source:  path.AS IDENTIFIER 
	path:  path.LBRACKET INT RBRACKET 
	path:  path.DOT IDENTIFIER 

	AS  shift 66
	LBRACKET  shift 67
	DOT  shift 68
	.  reduce 30 (src line 264)


state 25
	path:  IDENTIFIER.    (90)

	.  reduce 90 (src line 713)


state 26
	select_compound:  select_core select_order select_limit_offset.    (5)

	.  reduce 5 (src line 71)


state 27
	select_limit_offset:  select_limit.    (42)
	select_limit_offset:  select_limit.select_offset 

	OFFSET  shift 70
	.  reduce 42 (src line 349)

	select_offset  goto 69

state 28
	select_limit:  LIMIT.INT 

	INT  shift 71
	.  error


state 29
	select_order:  ORDER BY.sorting_list 

	LBRACE  shift 56
	LBRACKET  shift 57
	TRUE  shift 51
	FALSE  shift 52
	NULL  shift 53
	INT  shift 54
	NUMBER  shift 55
	IDENTIFIER  shift 41
	STRING  shift 47
	MINUS  shift 38
	NOT  shift 37
	LPAREN  shift 43
	CASE  shift 44
	ANY  shift 45
	ALL  shift 46
	.  error

	expression  goto 74
	expr  goto 35
	sorting_list  goto 72
	sorting_single  goto 73
	prefix_expr  goto 36
	suffix_expr  goto 39
	atom  goto 40
	literal_value  goto 42
	number  goto 48
	object  goto 49
	array  goto 50

state 30
	select_core:  select_select select_from select_where.select_group_having 
	select_group_having: .    (8)

	GROUP  shift 33
	.  reduce 8 (src line 88)

	select_group_having  goto 75

state 31
	select_from:  FROM data_source_over.    (26)

	.  reduce 26 (src line 226)


state 32
	select_core:  select_from_required select_where select_group_having.select_select 

	SELECT  shift 11
	.  error

	select_select  goto 76
	select_select_head  goto 9

state 33
	select_group_having:  GROUP.BY expression_list having 

	BY  shift 77
	.  error


state 34
	select_where:  WHERE expression.    (33)

	.  reduce 33 (src line 282)


state 35
	expression:  expr.    (46)
	expr:  expr.PLUS expr 
	expr:  expr.MINUS expr 
	expr:  expr.MULT expr 
	expr:  expr.DIV expr 
	expr:  expr.MOD expr 
	expr:  expr.CONCAT expr 
	expr:  expr.AND expr 
	expr:  expr.OR expr 
	expr:  expr.EQ expr 
	expr:  expr.LT expr 
	expr:  expr.LTE expr 
	expr:  expr.GT expr 
	expr:  expr.GTE expr 
	expr:  expr.NE expr 
	expr:  expr.LIKE expr 
	expr:  expr.NOT LIKE expr 
	expr:  expr.DOT IDENTIFIER 
	expr:  expr.LBRACKET expr RBRACKET 
	expr:  expr.IS NULL 
	expr:  expr.IS NOT NULL 
	expr:  expr.IS MISSING 
	expr:  expr.IS NOT MISSING 
	expr:  expr.IS VALUED 
	expr:  expr.IS NOT VALUED 

	LBRACKET  shift 95
	PLUS  shift 78
	MINUS  shift 79
	MULT  shift 80
	DIV  shift 81
	CONCAT  shift 83
	AND  shift 84
	OR  shift 85
	NOT  shift 93
	EQ  shift 86
	NE  shift 91
	GT  shift 89
	GTE  shift 90
	LT  shift 87
	LTE  shift 88
	LIKE  shift 92
	IS  shift 96
	DOT  shift 94
	MOD  shift 82
	.  reduce 46 (src line 383)


state 36
	expr:  prefix_expr.    (71)

	.  reduce 71 (src line 574)


state 37
	prefix_expr:  NOT.prefix_expr 

	LBRACE  shift 56
	LBRACKET  shift 57
	TRUE  shift 51
	FALSE  shift 52
	NULL  shift 53
	INT  shift 54
	NUMBER  shift 55
	IDENTIFIER  shift 41
	STRING  shift 47
	MINUS  shift 38
	NOT  shift 37
	LPAREN  shift 43
	CASE  shift 44
	ANY  shift 45
	ALL  shift 46
	.  error

	prefix_expr  goto 97
	suffix_expr  goto 39
	atom  goto 40
	literal_value  goto 42
	number  goto 48
	object  goto 49
	array  goto 50

state 38
	prefix_expr:  MINUS.prefix_expr 

	LBRACE  shift 56
	LBRACKET  shift 57
	TRUE  shift 51
	FALSE  shift 52
	NULL  shift 53
	INT  shift 54
	NUMBER  shift 55
	IDENTIFIER  shift 41
	STRING  shift 47
	MINUS  shift 38
	NOT  shift 37
	LPAREN  shift 43
	CASE  shift 44
	ANY  shift 45
	ALL  shift 46
	.  error

	prefix_expr  goto 98
	suffix_expr  goto 39
	atom  goto 40
	literal_value  goto 42
	number  goto 48
	object  goto 49
	array  goto 50

state 39
	prefix_expr:  suffix_expr.    (74)

	.  reduce 74 (src line 594)


state 40
	suffix_expr:  atom.    (75)

	.  reduce 75 (src line 599)


state 41
	atom:  IDENTIFIER.    (76)
	atom:  IDENTIFIER.LPAREN RPAREN 
	atom:  IDENTIFIER.LPAREN function_arg_list RPAREN 
	atom:  IDENTIFIER.LPAREN DISTINCT function_arg_list RPAREN 
	atom:  IDENTIFIER.LPAREN UNIQUE function_arg_list RPAREN 

	LPAREN  shift 99
	.  reduce 76 (src line 605)


state 42
	atom:  literal_value.    (77)

	.  reduce 77 (src line 611)


state 43
	atom:  LPAREN.expression RPAREN 

	LBRACE  shift 56
	LBRACKET  shift 57
	TRUE  shift 51
	FALSE  shift 52
	NULL  shift 53
	INT  shift 54
	NUMBER  shift 55
	IDENTIFIER  shift 41
	STRING  shift 47
	MINUS  shift 38
	NOT  shift 37
	LPAREN  shift 43
	CASE  shift 44
	ANY  shift 45
	ALL  shift 46
	.  error

	expression  goto 100
	expr  goto 35
	prefix_expr  goto 36
	suffix_expr  goto 39
	atom  goto 40
	literal_value  goto 42
	number  goto 48
	object  goto 49
	array  goto 50

state 44
	atom:  CASE.WHEN then_list else_expr END 

	WHEN  shift 101
	.  error


state 45
	atom:  ANY.expr OVER path AS IDENTIFIER 

	LBRACE  shift 56
	LBRACKET  shift 57
	TRUE  shift 51
	FALSE  shift 52
	NULL  shift 53
	INT  shift 54
	NUMBER  shift 55
	IDENTIFIER  shift 41
	STRING  shift 47
	MINUS  shift 38
	NOT  shift 37
	LPAREN  shift 43
	CASE  shift 44
	ANY  shift 45
	ALL  shift 46
	.  error

	expr  goto 102
	prefix_expr  goto 36
	suffix_expr  goto 39
	atom  goto 40
	literal_value  goto 42
	number  goto 48
	object  goto 49
	array  goto 50

state 46
	atom:  ALL.expr OVER path AS IDENTIFIER 

	LBRACE  shift 56
	LBRACKET  shift 57
	TRUE  shift 51
	FALSE  shift 52
	NULL  shift 53
	INT  shift 54
	NUMBER  shift 55
	IDENTIFIER  shift 41
	STRING  shift 47
	MINUS  shift 38
	NOT  shift 37
	LPAREN  shift 43
	CASE  shift 44
	ANY  shift 45
	ALL  shift 46
	.  error

	expr  goto 103
	prefix_expr  goto 36
	suffix_expr  goto 39
	atom  goto 40
	literal_value  goto 42
	number  goto 48
	object  goto 49
	array  goto 50

state 47
	literal_value:  STRING.    (99)

	.  reduce 99 (src line 785)


state 48
	literal_value:  number.    (100)

	.  reduce 100 (src line 791)


state 49
	literal_value:  object.    (101)

	.  reduce 101 (src line 795)


state 50
	literal_value:  array.    (102)

	.  reduce 102 (src line 799)


state 51
	literal_value:  TRUE.    (103)

	.  reduce 103 (src line 803)


state 52
	literal_value:  FALSE.    (104)

	.  reduce 104 (src line 809)


state 53
	literal_value:  NULL.    (105)

	.  reduce 105 (src line 815)


state 54
	number:  INT.    (106)

	.  reduce 106 (src line 823)


state 55
	number:  NUMBER.    (107)

	.  reduce 107 (src line 829)


state 56
	object:  LBRACE.RBRACE 
	object:  LBRACE.named_expression_list RBRACE 

	RBRACE  shift 104
	STRING  shift 107
	.  error

	named_expression_list  goto 105
	named_expression_single  goto 106

state 57
	array:  LBRACKET.RBRACKET 
	array:  LBRACKET.expression_list RBRACKET 

	LBRACE  shift 56
	LBRACKET  shift 57
	RBRACKET  shift 108
	TRUE  shift 51
	FALSE  shift 52
	NULL  shift 53
	INT  shift 54
	NUMBER  shift 55
	IDENTIFIER  shift 41
	STRING  shift 47
	MINUS  shift 38
	NOT  shift 37
	LPAREN  shift 43
	CASE  shift 44
	ANY  shift 45
	ALL  shift 46
	.  error

	expression_list  goto 109
	expression  goto 110
	expr  goto 35
	prefix_expr  goto 36
	suffix_expr  goto 39
	atom  goto 40
	literal_value  goto 42
	number  goto 48
	object  goto 49
	array  goto 50

state 58
	select_select:  select_select_head select_select_qualifier select_select_tail.    (12)

	.  reduce 12 (src line 119)


state 59
	select_select_tail:  result_list.    (17)

	.  reduce 17 (src line 156)


state 60
	result_list:  result_single.    (18)
	result_list:  result_single.COMMA result_list 

	COMMA  shift 111
	.  reduce 18 (src line 170)


state 61
	result_single:  dotted_path_star.    (20)

	.  reduce 20 (src line 188)


state 62
	result_single:  expression.    (21)
	result_single:  expression.AS IDENTIFIER 

	AS  shift 112
	.  reduce 21 (src line 192)


state 63
	dotted_path_star:  MULT.    (23)

	.  reduce 23 (src line 208)


state 64
	dotted_path_star:  expr.DOT MULT 
	expression:  expr.    (46)
	expr:  expr.PLUS expr 
	expr:  expr.MINUS expr 
	expr:  expr.MULT expr 
	expr:  expr.DIV expr 
	expr:  expr.MOD expr 
	expr:  expr.CONCAT expr 
	expr:  expr.AND expr 
	expr:  expr.OR expr 
	expr:  expr.EQ expr 
	expr:  expr.LT expr 
	expr:  expr.LTE expr 
	expr:  expr.GT expr 
	expr:  expr.GTE expr 
	expr:  expr.NE expr 
	expr:  expr.LIKE expr 
	expr:  expr.NOT LIKE expr 
	expr:  expr.DOT IDENTIFIER 
	expr:  expr.LBRACKET expr RBRACKET 
	expr:  expr.IS NULL 
	expr:  expr.IS NOT NULL 
	expr:  expr.IS MISSING 
	expr:  expr.IS NOT MISSING 
	expr:  expr.IS VALUED 
	expr:  expr.IS NOT VALUED 

	LBRACKET  shift 95
	PLUS  shift 78
	MINUS  shift 79
	MULT  shift 80
	DIV  shift 81
	CONCAT  shift 83
	AND  shift 84
	OR  shift 85
	NOT  shift 93
	EQ  shift 86
	NE  shift 91
	GT  shift 89
	GTE  shift 90
	LT  shift 87
	LTE  shift 88
	LIKE  shift 92
	IS  shift 96
	DOT  shift 113
	MOD  shift 82
	.  reduce 46 (src line 383)


state 65
	data_source_over:  data_source OVER.data_source_over 

	IDENTIFIER  shift 25
	.  error

	data_source_over  goto 114
	data_source  goto 23
	path  goto 24

state 66
	data_source:  path AS.IDENTIFIER 

	IDENTIFIER  shift 115
	.  error


state 67
	path:  path LBRACKET.INT RBRACKET 

	INT  shift 116
	.  error


state 68
	path:  path DOT.IDENTIFIER 

	IDENTIFIER  shift 117
	.  error


state 69
	select_limit_offset:  select_limit select_offset.    (43)

	.  reduce 43 (src line 353)


state 70
	select_offset:  OFFSET.INT 

	INT  shift 118
	.  error


state 71
	select_limit:  LIMIT INT.    (44)

	.  reduce 44 (src line 359)


state 72
	select_order:  ORDER BY sorting_list.    (35)

	.  reduce 35 (src line 296)


state 73
	sorting_list:  sorting_single.    (36)
	sorting_list:  sorting_single.COMMA sorting_list 

	COMMA  shift 119
	.  reduce 36 (src line 302)


state 74
	sorting_single:  expression.    (38)
	sorting_single:  expression.ASC 
	sorting_single:  expression.DESC 

	ASC  shift 120
	DESC  shift 121
	.  reduce 38 (src line 311)


state 75
	select_core:  select_select select_from select_where select_group_having.    (6)

	.  reduce 6 (src line 78)


state 76
	select_core:  select_from_required select_where select_group_having select_select.    (7)

	.  reduce 7 (src line 82)


state 77
	select_group_having:  GROUP BY.expression_list having 

	LBRACE  shift 56
	LBRACKET  shift 57
	TRUE  shift 51
	FALSE  shift 52
	NULL  shift 53
	INT  shift 54
	NUMBER  shift 55
	IDENTIFIER  shift 41
	STRING  shift 47
	MINUS  shift 38
	NOT  shift 37
	LPAREN  shift 43
	CASE  shift 44
	ANY  shift 45
	ALL  shift 46
	.  error

	expression_list  goto 122
	expression  goto 110
	expr  goto 35
	prefix_expr  goto 36
	suffix_expr  goto 39
	atom  goto 40
	literal_value  goto 42
	number  goto 48
	object  goto 49
	array  goto 50

state 78
	expr:  expr PLUS.expr 

	LBRACE  shift 56
	LBRACKET  shift 57
	TRUE  shift 51
	FALSE  shift 52
	NULL  shift 53
	INT  shift 54
	NUMBER  shift 55
	IDENTIFIER  shift 41
	STRING  shift 47
	MINUS  shift 38
	NOT  shift 37
	LPAREN  shift 43
	CASE  shift 44
	ANY  shift 45
	ALL  shift 46
	.  error

	expr  goto 123
	prefix_expr  goto 36
	suffix_expr  goto 39
	atom  goto 40
	literal_value  goto 42
	number  goto 48
	object  goto 49
	array  goto 50

state 79
	expr:  expr MINUS.expr 

	LBRACE  shift 56
	LBRACKET  shift 57
	TRUE  shift 51
	FALSE  shift 52
	NULL  shift 53
	INT  shift 54
	NUMBER  shift 55
	IDENTIFIER  shift 41
	STRING  shift 47
	MINUS  shift 38
	NOT  shift 37
	LPAREN  shift 43
	CASE  shift 44
	ANY  shift 45
	ALL  shift 46
	.  error

	expr  goto 124
	prefix_expr  goto 36
	suffix_expr  goto 39
	atom  goto 40
	literal_value  goto 42
	number  goto 48
	object  goto 49
	array  goto 50

state 80
	expr:  expr MULT.expr 

	LBRACE  shift 56
	LBRACKET  shift 57
	TRUE  shift 51
	FALSE  shift 52
	NULL  shift 53
	INT  shift 54
	NUMBER  shift 55
	IDENTIFIER  shift 41
	STRING  shift 47
	MINUS  shift 38
	NOT  shift 37
	LPAREN  shift 43
	CASE  shift 44
	ANY  shift 45
	ALL  shift 46
	.  error

	expr  goto 125
	prefix_expr  goto 36
	suffix_expr  goto 39
	atom  goto 40
	literal_value  goto 42
	number  goto 48
	object  goto 49
	array  goto 50

state 81
	expr:  expr DIV.expr 

	LBRACE  shift 56
	LBRACKET  shift 57
	TRUE  shift 51
	FALSE  shift 52
	NULL  shift 53
	INT  shift 54
	NUMBER  shift 55
	IDENTIFIER  shift 41
	STRING  shift 47
	MINUS  shift 38
	NOT  shift 37
	LPAREN  shift 43
	CASE  shift 44
	ANY  shift 45
	ALL  shift 46
	.  error

	expr  goto 126
	prefix_expr  goto 36
	suffix_expr  goto 39
	atom  goto 40
	literal_value  goto 42
	number  goto 48
	object  goto 49
	array  goto 50

state 82
	expr:  expr MOD.expr 

	LBRACE  shift 56
	LBRACKET  shift 57
	TRUE  shift 51
	FALSE  shift 52
	NULL  shift 53
	INT  shift 54
	NUMBER  shift 55
	IDENTIFIER  shift 41
	STRING  shift 47
	MINUS  shift 38
	NOT  shift 37
	LPAREN  shift 43
	CASE  shift 44
	ANY  shift 45
	ALL  shift 46
	.  error

	expr  goto 127
	prefix_expr  goto 36
	suffix_expr  goto 39
	atom  goto 40
	literal_value  goto 42
	number  goto 48
	object  goto 49
	array  goto 50

state 83
	expr:  expr CONCAT.expr 

	LBRACE  shift 56
	LBRACKET  shift 57
	TRUE  shift 51
	FALSE  shift 52
	NULL  shift 53
	INT  shift 54
	NUMBER  shift 55
	IDENTIFIER  shift 41
	STRING  shift 47
	MINUS  shift 38
	NOT  shift 37
	LPAREN  shift 43
	CASE  shift 44
	ANY  shift 45
	ALL  shift 46
	.  error

	expr  goto 128
	prefix_expr  goto 36
	suffix_expr  goto 39
	atom  goto 40
	literal_value  goto 42
	number  goto 48
	object  goto 49
	array  goto 50

state 84
	expr:  expr AND.expr 

	LBRACE  shift 56
	LBRACKET  shift 57
	TRUE  shift 51
	FALSE  shift 52
	NULL  shift 53
	INT  shift 54
	NUMBER  shift 55
	IDENTIFIER  shift 41
	STRING  shift 47
	MINUS  shift 38
	NOT  shift 37
	LPAREN  shift 43
	CASE  shift 44
	ANY  shift 45
	ALL  shift 46
	.  error

	expr  goto 129
	prefix_expr  goto 36
	suffix_expr  goto 39
	atom  goto 40
	literal_value  goto 42
	number  goto 48
	object  goto 49
	array  goto 50

state 85
	expr:  expr OR.expr 

	LBRACE  shift 56
	LBRACKET  shift 57
	TRUE  shift 51
	FALSE  shift 52
	NULL  shift 53
	INT  shift 54
	NUMBER  shift 55
	IDENTIFIER  shift 41
	STRING  shift 47
	MINUS  shift 38
	NOT  shift 37
	LPAREN  shift 43
	CASE  shift 44
	ANY  shift 45
	ALL  shift 46
	.  error

	expr  goto 130
	prefix_expr  goto 36
	suffix_expr  goto 39
	atom  goto 40
	literal_value  goto 42
	number  goto 48
	object  goto 49
	array  goto 50

state 86
	expr:  expr EQ.expr 

	LBRACE  shift 56
	LBRACKET  shift 57
	TRUE  shift 51
	FALSE  shift 52
	NULL  shift 53
	INT  shift 54
	NUMBER  shift 55
	IDENTIFIER  shift 41
	STRING  shift 47
	MINUS  shift 38
	NOT  shift 37
	LPAREN  shift 43
	CASE  shift 44
	ANY  shift 45
	ALL  shift 46
	.  error

	expr  goto 131
	prefix_expr  goto 36
	suffix_expr  goto 39
	atom  goto 40
	literal_value  goto 42
	number  goto 48
	object  goto 49
	array  goto 50

state 87
	expr:  expr LT.expr 

	LBRACE  shift 56
	LBRACKET  shift 57
	TRUE  shift 51
	FALSE  shift 52
	NULL  shift 53
	INT  shift 54
	NUMBER  shift 55
	IDENTIFIER  shift 41
	STRING  shift 47
	MINUS  shift 38
	NOT  shift 37
	LPAREN  shift 43
	CASE  shift 44
	ANY  shift 45
	ALL  shift 46
	.  error

	expr  goto 132
	prefix_expr  goto 36
	suffix_expr  goto 39
	atom  goto 40
	literal_value  goto 42
	number  goto 48
	object  goto 49
	array  goto 50

state 88
	expr:  expr LTE.expr 

	LBRACE  shift 56
	LBRACKET  shift 57
	TRUE  shift 51
	FALSE  shift 52
	NULL  shift 53
	INT  shift 54
	NUMBER  shift 55
	IDENTIFIER  shift 41
	STRING  shift 47
	MINUS  shift 38
	NOT  shift 37
	LPAREN  shift 43
	CASE  shift 44
	ANY  shift 45
	ALL  shift 46
	.  error

	expr  goto 133
	prefix_expr  goto 36
	suffix_expr  goto 39
	atom  goto 40
	literal_value  goto 42
	number  goto 48
	object  goto 49
	array  goto 50

state 89
	expr:  expr GT.expr 

	LBRACE  shift 56
	LBRACKET  shift 57
	TRUE  shift 51
	FALSE  shift 52
	NULL  shift 53
	INT  shift 54
	NUMBER  shift 55
	IDENTIFIER  shift 41
	STRING  shift 47
	MINUS  shift 38
	NOT  shift 37
	LPAREN  shift 43
	CASE  shift 44
	ANY  shift 45
	ALL  shift 46
	.  error

	expr  goto 134
	prefix_expr  goto 36
	suffix_expr  goto 39
	atom  goto 40
	literal_value  goto 42
	number  goto 48
	object  goto 49
	array  goto 50

state 90
	expr:  expr GTE.expr 

	LBRACE  shift 56
	LBRACKET  shift 57
	TRUE  shift 51
	FALSE  shift 52
	NULL  shift 53
	INT  shift 54
	NUMBER  shift 55
	IDENTIFIER  shift 41
	STRING  shift 47
	MINUS  shift 38
	NOT  shift 37
	LPAREN  shift 43
	CASE  shift 44
	ANY  shift 45
	ALL  shift 46
	.  error

	expr  goto 135
	prefix_expr  goto 36
	suffix_expr  goto 39
	atom  goto 40
	literal_value  goto 42
	number  goto 48
	object  goto 49
	array  goto 50

state 91
	expr:  expr NE.expr 

	LBRACE  shift 56
	LBRACKET  shift 57
	TRUE  shift 51
	FALSE  shift 52
	NULL  shift 53
	INT  shift 54
	NUMBER  shift 55
	IDENTIFIER  shift 41
	STRING  shift 47
	MINUS  shift 38
	NOT  shift 37
	LPAREN  shift 43
	CASE  shift 44
	ANY  shift 45
	ALL  shift 46
	.  error

	expr  goto 136
	prefix_expr  goto 36
	suffix_expr  goto 39
	atom  goto 40
	literal_value  goto 42
	number  goto 48
	object  goto 49
	array  goto 50

state 92
	expr:  expr LIKE.expr 

	LBRACE  shift 56
	LBRACKET  shift 57
	TRUE  shift 51
	FALSE  shift 52
	NULL  shift 53
	INT  shift 54
	NUMBER  shift 55
	IDENTIFIER  shift 41
	STRING  shift 47
	MINUS  shift 38
	NOT  shift 37
	LPAREN  shift 43
	CASE  shift 44
	ANY  shift 45
	ALL  shift 46
	.  error

	expr  goto 137
	prefix_expr  goto 36
	suffix_expr  goto 39
	atom  goto 40
	literal_value  goto 42
	number  goto 48
	object  goto 49
	array  goto 50

state 93
	expr:  expr NOT.LIKE expr 

	LIKE  shift 138
	.  error


state 94
	expr:  expr DOT.IDENTIFIER 

	IDENTIFIER  shift 139
	.  error


state 95
	expr:  expr LBRACKET.expr RBRACKET 

	LBRACE  shift 56
	LBRACKET  shift 57
	TRUE  shift 51
	FALSE  shift 52
	NULL  shift 53
	INT  shift 54
	NUMBER  shift 55
	IDENTIFIER  shift 41
	STRING  shift 47
	MINUS  shift 38
	NOT  shift 37
	LPAREN  shift 43
	CASE  shift 44
	ANY  shift 45
	ALL  shift 46
	.  error

	expr  goto 140
	prefix_expr  goto 36
	suffix_expr  goto 39
	atom  goto 40
	literal_value  goto 42
	number  goto 48
	object  goto 49
	array  goto 50

state 96
	expr:  expr IS.NULL 
	expr:  expr IS.NOT NULL 
	expr:  expr IS.MISSING 
	expr:  expr IS.NOT MISSING 
	expr:  expr IS.VALUED 
	expr:  expr IS.NOT VALUED 

	NULL  shift 141
	NOT  shift 142
	VALUED  shift 144
	MISSING  shift 143
	.  error


state 97
	prefix_expr:  NOT prefix_expr.    (72)

	.  reduce 72 (src line 580)


state 98
	prefix_expr:  MINUS prefix_expr.    (73)

	.  reduce 73 (src line 587)


state 99
	atom:  IDENTIFIER LPAREN.RPAREN 
	atom:  IDENTIFIER LPAREN.function_arg_list RPAREN 
	atom:  IDENTIFIER LPAREN.DISTINCT function_arg_list RPAREN 
	atom:  IDENTIFIER LPAREN.UNIQUE function_arg_list RPAREN 

	DISTINCT  shift 147
	UNIQUE  shift 148
	LBRACE  shift 56
	LBRACKET  shift 57
	TRUE  shift 51
	FALSE  shift 52
	NULL  shift 53
	INT  shift 54
	NUMBER  shift 55
	IDENTIFIER  shift 41
	STRING  shift 47
	MINUS  shift 38
	MULT  shift 152
	NOT  shift 37
	LPAREN  shift 43
	RPAREN  shift 145
	CASE  shift 44
	ANY  shift 45
	ALL  shift 46
	.  error

	expression  goto 151
	expr  goto 153
	prefix_expr  goto 36
	suffix_expr  goto 39
	atom  goto 40
	literal_value  goto 42
	function_arg_list  goto 146
	function_arg_single  goto 149
	fun_dotted_path_star  goto 150
	number  goto 48
	object  goto 49
	array  goto 50

state 100
	atom:  LPAREN expression.RPAREN 

	RPAREN  shift 154
	.  error


state 101
	atom:  CASE WHEN.then_list else_expr END 

	LBRACE  shift 56
	LBRACKET  shift 57
	TRUE  shift 51
	FALSE  shift 52
	NULL  shift 53
	INT  shift 54
	NUMBER  shift 55
	IDENTIFIER  shift 41
	STRING  shift 47
	MINUS  shift 38
	NOT  shift 37
	LPAREN  shift 43
	CASE  shift 44
	ANY  shift 45
	ALL  shift 46
	.  error

	expr  goto 156
	prefix_expr  goto 36
	suffix_expr  goto 39
	atom  goto 40
	literal_value  goto 42
	then_list  goto 155
	number  goto 48
	object  goto 49
	array  goto 50

state 102
	expr:  expr.PLUS expr 
	expr:  expr.MINUS expr 
	expr:  expr.MULT expr 
	expr:  expr.DIV expr 
	expr:  expr.MOD expr 
	expr:  expr.CONCAT expr 
	expr:  expr.AND expr 
	expr:  expr.OR expr 
	expr:  expr.EQ expr 
	expr:  expr.LT expr 
	expr:  expr.LTE expr 
	expr:  expr.GT expr 
	expr:  expr.GTE expr 
	expr:  expr.NE expr 
	expr:  expr.LIKE expr 
	expr:  expr.NOT LIKE expr 
	expr:  expr.DOT IDENTIFIER 
	expr:  expr.LBRACKET expr RBRACKET 
	expr:  expr.IS NULL 
	expr:  expr.IS NOT NULL 
	expr:  expr.IS MISSING 
	expr:  expr.IS NOT MISSING 
	expr:  expr.IS VALUED 
	expr:  expr.IS NOT VALUED 
	atom:  ANY expr.OVER path AS IDENTIFIER 

	LBRACKET  shift 95
	PLUS  shift 78
	MINUS  shift 79
	MULT  shift 80
	DIV  shift 81
	CONCAT  shift 83
	AND  shift 84
	OR  shift 85
	NOT  shift 93
	EQ  shift 86
	NE  shift 91
	GT  shift 89
	GTE  shift 90
	LT  shift 87
	LTE  shift 88
	LIKE  shift 92
	IS  shift 96
	DOT  shift 94
	OVER  shift 157
	MOD  shift 82
	.  error


state 103
	expr:  expr.PLUS expr 
	expr:  expr.MINUS expr 
	expr:  expr.MULT expr 
	expr:  expr.DIV expr 
	expr:  expr.MOD expr 
	expr:  expr.CONCAT expr 
	expr:  expr.AND expr 
	expr:  expr.OR expr 
	expr:  expr.EQ expr 
	expr:  expr.LT expr 
	expr:  expr.LTE expr 
	expr:  expr.GT expr 
	expr:  expr.GTE expr 
	expr:  expr.NE expr 
	expr:  expr.LIKE expr 
	expr:  expr.NOT LIKE expr 
	expr:  expr.DOT IDENTIFIER 
	expr:  expr.LBRACKET expr RBRACKET 
	expr:  expr.IS NULL 
	expr:  expr.IS NOT NULL 
	expr:  expr.IS MISSING 
	expr:  expr.IS NOT MISSING 
	expr:  expr.IS VALUED 
	expr:  expr.IS NOT VALUED 
	atom:  ALL expr.OVER path AS IDENTIFIER 

	LBRACKET  shift 95
	PLUS  shift 78
	MINUS  shift 79
	MULT  shift 80
	DIV  shift 81
	CONCAT  shift 83
	AND  shift 84
	OR  shift 85
	NOT  shift 93
	EQ  shift 86
	NE  shift 91
	GT  shift 89
	GTE  shift 90
	LT  shift 87
	LTE  shift 88
	LIKE  shift 92
	IS  shift 96
	DOT  shift 94
	OVER  shift 158
	MOD  shift 82
	.  error


state 104
	object:  LBRACE RBRACE.    (108)

	.  reduce 108 (src line 837)


state 105
	object:  LBRACE named_expression_list.RBRACE 

	RBRACE  shift 159
	.  error


state 106
	named_expression_list:  named_expression_single.    (110)
	named_expression_list:  named_expression_single.COMMA named_expression_list 

	COMMA  shift 160
	.  reduce 110 (src line 849)


state 107
	named_expression_single:  STRING.COLON expression 

	COLON  shift 161
	.  error


state 108
	array:  LBRACKET RBRACKET.    (113)

	.  reduce 113 (src line 875)


state 109
	array:  LBRACKET expression_list.RBRACKET 

	RBRACKET  shift 162
	.  error


state 110
	expression_list:  expression.    (115)
	expression_list:  expression.COMMA expression_list 

	COMMA  shift 163
	.  reduce 115 (src line 890)


state 111
	result_list:  result_single COMMA.result_list 

	LBRACE  shift 56
	LBRACKET  shift 57
	TRUE  shift 51
	FALSE  shift 52
	NULL  shift 53
	INT  shift 54
	NUMBER  shift 55
	IDENTIFIER  shift 41
	STRING  shift 47
	MINUS  shift 38
	MULT  shift 63
	NOT  shift 37
	LPAREN  shift 43
	CASE  shift 44
	ANY  shift 45
	ALL  shift 46
	.  error

	expression  goto 62
	result_list  goto 164
	result_single  goto 60
	dotted_path_star  goto 61
	expr  goto 64
	prefix_expr  goto 36
	suffix_expr  goto 39
	atom  goto 40
	literal_value  goto 42
	number  goto 48
	object  goto 49
	array  goto 50

state 112
	result_single:  expression AS.IDENTIFIER 

	IDENTIFIER  shift 165
	.  error


state 113
	dotted_path_star:  expr DOT.MULT 
	expr:  expr DOT.IDENTIFIER 

	IDENTIFIER  shift 139
	MULT  shift 166
	.  error


state 114
	data_source_over:  data_source OVER data_source_over.    (29)

	.  reduce 29 (src line 254)


state 115
	data_source:  path AS IDENTIFIER.    (31)

	.  reduce 31 (src line 270)


state 116
	path:  path LBRACKET INT.RBRACKET 

	RBRACKET  shift 167
	.  error


state 117
	path:  path DOT IDENTIFIER.    (92)

	.  reduce 92 (src line 726)


state 118
	select_offset:  OFFSET INT.    (45)

	.  reduce 45 (src line 370)


state 119
	sorting_list:  sorting_single COMMA.sorting_list 

	LBRACE  shift 56
	LBRACKET  shift 57
	TRUE  shift 51
	FALSE  shift 52
	NULL  shift 53
	INT  shift 54
	NUMBER  shift 55
	IDENTIFIER  shift 41
	STRING  shift 47
	MINUS  shift 38
	NOT  shift 37
	LPAREN  shift 43
	CASE  shift 44
	ANY  shift 45
	ALL  shift 46
	.  error

	expression  goto 74
	expr  goto 35
	sorting_list  goto 168
	sorting_single  goto 73
	prefix_expr  goto 36
	suffix_expr  goto 39
	atom  goto 40
	literal_value  goto 42
	number  goto 48
	object  goto 49
	array  goto 50

state 120
	sorting_single:  expression ASC.    (39)

	.  reduce 39 (src line 322)


state 121
	sorting_single:  expression DESC.    (40)

	.  reduce 40 (src line 333)


state 122
	select_group_having:  GROUP BY expression_list.having 
	having: .    (10)

	HAVING  shift 170
	.  reduce 10 (src line 103)

	having  goto 169

state 123
	expr:  expr.PLUS expr 
	expr:  expr PLUS expr.    (47)
	expr:  expr.MINUS expr 
	expr:  expr.MULT expr 
	expr:  expr.DIV expr 
	expr:  expr.MOD expr 
	expr:  expr.CONCAT expr 
	expr:  expr.AND expr 
	expr:  expr.OR expr 
	expr:  expr.EQ expr 
	expr:  expr.LT expr 
	expr:  expr.LTE expr 
	expr:  expr.GT expr 
	expr:  expr.GTE expr 
	expr:  expr.NE expr 
	expr:  expr.LIKE expr 
	expr:  expr.NOT LIKE expr 
	expr:  expr.DOT IDENTIFIER 
	expr:  expr.LBRACKET expr RBRACKET 
	expr:  expr.IS NULL 
	expr:  expr.IS NOT NULL 
	expr:  expr.IS MISSING 
	expr:  expr.IS NOT MISSING 
	expr:  expr.IS VALUED 
	expr:  expr.IS NOT VALUED 

	MULT  shift 80
	DIV  shift 81
	CONCAT  shift 83
	NOT  shift 93
	IS  shift 96
	MOD  shift 82
	.  reduce 47 (src line 388)


state 124
	expr:  expr.PLUS expr 
	expr:  expr.MINUS expr 
	expr:  expr MINUS expr.    (48)
	expr:  expr.MULT expr 
	expr:  expr.DIV expr 
	expr:  expr.MOD expr 
	expr:  expr.CONCAT expr 
	expr:  expr.AND expr 
	expr:  expr.OR expr 
	expr:  expr.EQ expr 
	expr:  expr.LT expr 
	expr:  expr.LTE expr 
	expr:  expr.GT expr 
	expr:  expr.GTE expr 
	expr:  expr.NE expr 
	expr:  expr.LIKE expr 
	expr:  expr.NOT LIKE expr 
	expr:  expr.DOT IDENTIFIER 
	expr:  expr.LBRACKET expr RBRACKET 
	expr:  expr.IS NULL 
	expr:  expr.IS NOT NULL 
	expr:  expr.IS MISSING 
	expr:  expr.IS NOT MISSING 
	expr:  expr.IS VALUED 
	expr:  expr.IS NOT VALUED 

	MULT  shift 80
	DIV  shift 81
	CONCAT  shift 83
	NOT  shift 93
	IS  shift 96
	MOD  shift 82
	.  reduce 48 (src line 396)


state 125
	expr:  expr.PLUS expr 
	expr:  expr.MINUS expr 
	expr:  expr.MULT expr 
	expr:  expr MULT expr.    (49)
	expr:  expr.DIV expr 
	expr:  expr.MOD expr 
	expr:  expr.CONCAT expr 
	expr:  expr.AND expr 
	expr:  expr.OR expr 
	expr:  expr.EQ expr 
	expr:  expr.LT expr 
	expr:  expr.LTE expr 
	expr:  expr.GT expr 
	expr:  expr.GTE expr 
	expr:  expr.NE expr 
	expr:  expr.LIKE expr 
	expr:  expr.NOT LIKE expr 
	expr:  expr.DOT IDENTIFIER 
	expr:  expr.LBRACKET expr RBRACKET 
	expr:  expr.IS NULL 
	expr:  expr.IS NOT NULL 
	expr:  expr.IS MISSING 
	expr:  expr.IS NOT MISSING 
	expr:  expr.IS VALUED 
	expr:  expr.IS NOT VALUED 

	NOT  shift 93
	IS  shift 96
	.  reduce 49 (src line 404)


state 126
	expr:  expr.PLUS expr 
	expr:  expr.MINUS expr 
	expr:  expr.MULT expr 
	expr:  expr.DIV expr 
	expr:  expr DIV expr.    (50)
	expr:  expr.MOD expr 
	expr:  expr.CONCAT expr 
	expr:  expr.AND expr 
	expr:  expr.OR expr 
	expr:  expr.EQ expr 
	expr:  expr.LT expr 
	expr:  expr.LTE expr 
	expr:  expr.GT expr 
	expr:  expr.GTE expr 
	expr:  expr.NE expr 
	expr:  expr.LIKE expr 
	expr:  expr.NOT LIKE expr 
	expr:  expr.DOT IDENTIFIER 
	expr:  expr.LBRACKET expr RBRACKET 
	expr:  expr.IS NULL 
	expr:  expr.IS NOT NULL 
	expr:  expr.IS MISSING 
	expr:  expr.IS NOT MISSING 
	expr:  expr.IS VALUED 
	expr:  expr.IS NOT VALUED 

	NOT  shift 93
	IS  shift 96
	.  reduce 50 (src line 412)


state 127
	expr:  expr.PLUS expr 
	expr:  expr.MINUS expr 
	expr:  expr.MULT expr 
	expr:  expr.DIV expr 
	expr:  expr.MOD expr 
	expr:  expr MOD expr.    (51)
	expr:  expr.CONCAT expr 
	expr:  expr.AND expr 
	expr:  expr.OR expr 
	expr:  expr.EQ expr 
	expr:  expr.LT expr 
	expr:  expr.LTE expr 
	expr:  expr.GT expr 
	expr:  expr.GTE expr 
	expr:  expr.NE expr 
	expr:  expr.LIKE expr 
	expr:  expr.NOT LIKE expr 
	expr:  expr.DOT IDENTIFIER 
	expr:  expr.LBRACKET expr RBRACKET 
	expr:  expr.IS NULL 
	expr:  expr.IS NOT NULL 
	expr:  expr.IS MISSING 
	expr:  expr.IS NOT MISSING 
	expr:  expr.IS VALUED 
	expr:  expr.IS NOT VALUED 

	NOT  shift 93
	IS  shift 96
	.  reduce 51 (src line 420)


state 128
	expr:  expr.PLUS expr 
	expr:  expr.MINUS expr 
	expr:  expr.MULT expr 
	expr:  expr.DIV expr 
	expr:  expr.MOD expr 
	expr:  expr.CONCAT expr 
	expr:  expr CONCAT expr.    (52)
	expr:  expr.AND expr 
	expr:  expr.OR expr 
	expr:  expr.EQ expr 
	expr:  expr.LT expr 
	expr:  expr.LTE expr 
	expr:  expr.GT expr 
	expr:  expr.GTE expr 
	expr:  expr.NE expr 
	expr:  expr.LIKE expr 
	expr:  expr.NOT LIKE expr 
	expr:  expr.DOT IDENTIFIER 
	expr:  expr.LBRACKET expr RBRACKET 
	expr:  expr.IS NULL 
	expr:  expr.IS NOT NULL 
	expr:  expr.IS MISSING 
	expr:  expr.IS NOT MISSING 
	expr:  expr.IS VALUED 
	expr:  expr.IS NOT VALUED 

	NOT  shift 93
	IS  shift 96
	.  reduce 52 (src line 428)


state 129
	expr:  expr.PLUS expr 
	expr:  expr.MINUS expr 
	expr:  expr.MULT expr 
	expr:  expr.DIV expr 
	expr:  expr.MOD expr 
	expr:  expr.CONCAT expr 
	expr:  expr.AND expr 
	expr:  expr AND expr.    (53)
	expr:  expr.OR expr 
	expr:  expr.EQ expr 
	expr:  expr.LT expr 
	expr:  expr.LTE expr 
	expr:  expr.GT expr 
	expr:  expr.GTE expr 
	expr:  expr.NE expr 
	expr:  expr.LIKE expr 
	expr:  expr.NOT LIKE expr 
	expr:  expr.DOT IDENTIFIER 
	expr:  expr.LBRACKET expr RBRACKET 
	expr:  expr.IS NULL 
	expr:  expr.IS NOT NULL 
	expr:  expr.IS MISSING 
	expr:  expr.IS NOT MISSING 
	expr:  expr.IS VALUED 
	expr:  expr.IS NOT VALUED 

	LBRACKET  shift 95
	PLUS  shift 78
	MINUS  shift 79
	MULT  shift 80
	DIV  shift 81
	CONCAT  shift 83
	NOT  shift 93
	EQ  shift 86
	NE  shift 91
	GT  shift 89
	GTE  shift 90
	LT  shift 87
	LTE  shift 88
	LIKE  shift 92
	IS  shift 96
	DOT  shift 94
	MOD  shift 82
	.  reduce 53 (src line 436)


state 130
	expr:  expr.PLUS expr 
	expr:  expr.MINUS expr 
	expr:  expr.MULT expr 
	expr:  expr.DIV expr 
	expr:  expr.MOD expr 
	expr:  expr.CONCAT expr 
	expr:  expr.AND expr 
	expr:  expr.OR expr 
	expr:  expr OR expr.    (54)
	expr:  expr.EQ expr 
	expr:  expr.LT expr 
	expr:  expr.LTE expr 
	expr:  expr.GT expr 
	expr:  expr.GTE expr 
	expr:  expr.NE expr 
	expr:  expr.LIKE expr 
	expr:  expr.NOT LIKE expr 
	expr:  expr.DOT IDENTIFIER 
	expr:  expr.LBRACKET expr RBRACKET 
	expr:  expr.IS NULL 
	expr:  expr.IS NOT NULL 
	expr:  expr.IS MISSING 
	expr:  expr.IS NOT MISSING 
	expr:  expr.IS VALUED 
	expr:  expr.IS NOT VALUED 

	LBRACKET  shift 95
	PLUS  shift 78
	MINUS  shift 79
	MULT  shift 80
	DIV  shift 81
	CONCAT  shift 83
	AND  shift 84
	NOT  shift 93
	EQ  shift 86
	NE  shift 91
	GT  shift 89
	GTE  shift 90
	LT  shift 87
	LTE  shift 88
	LIKE  shift 92
	IS  shift 96
	DOT  shift 94
	MOD  shift 82
	.  reduce 54 (src line 444)


state 131
	expr:  expr.PLUS expr 
	expr:  expr.MINUS expr 
	expr:  expr.MULT expr 
	expr:  expr.DIV expr 
	expr:  expr.MOD expr 
	expr:  expr.CONCAT expr 
	expr:  expr.AND expr 
	expr:  expr.OR expr 
	expr:  expr.EQ expr 
	expr:  expr EQ expr.    (55)
	expr:  expr.LT expr 
	expr:  expr.LTE expr 
	expr:  expr.GT expr 
	expr:  expr.GTE expr 
	expr:  expr.NE expr 
	expr:  expr.LIKE expr 
	expr:  expr.NOT LIKE expr 
	expr:  expr.DOT IDENTIFIER 
	expr:  expr.LBRACKET expr RBRACKET 
	expr:  expr.IS NULL 
	expr:  expr.IS NOT NULL 
	expr:  expr.IS MISSING 
	expr:  expr.IS NOT MISSING 
	expr:  expr.IS VALUED 
	expr:  expr.IS NOT VALUED 

	PLUS  shift 78
	MINUS  shift 79
	MULT  shift 80
	DIV  shift 81
	CONCAT  shift 83
	NOT  shift 93
	IS  shift 96
	MOD  shift 82
	.  reduce 55 (src line 452)


state 132
	expr:  expr.PLUS expr 
	expr:  expr.MINUS expr 
	expr:  expr.MULT expr 
	expr:  expr.DIV expr 
	expr:  expr.MOD expr 
	expr:  expr.CONCAT expr 
	expr:  expr.AND expr 
	expr:  expr.OR expr 
	expr:  expr.EQ expr 
	expr:  expr.LT expr 
	expr:  expr LT expr.    (56)
	expr:  expr.LTE expr 
	expr:  expr.GT expr 
	expr:  expr.GTE expr 
	expr:  expr.NE expr 
	expr:  expr.LIKE expr 
	expr:  expr.NOT LIKE expr 
	expr:  expr.DOT IDENTIFIER 
	expr:  expr.LBRACKET expr RBRACKET 
	expr:  expr.IS NULL 
	expr:  expr.IS NOT NULL 
	expr:  expr.IS MISSING 
	expr:  expr.IS NOT MISSING 
	expr:  expr.IS VALUED 
	expr:  expr.IS NOT VALUED 

	PLUS  shift 78
	MINUS  shift 79
	MULT  shift 80
	DIV  shift 81
	CONCAT  shift 83
	NOT  shift 93
	IS  shift 96
	MOD  shift 82
	.  reduce 56 (src line 460)


state 133
	expr:  expr.PLUS expr 
	expr:  expr.MINUS expr 
	expr:  expr.MULT expr 
	expr:  expr.DIV expr 
	expr:  expr.MOD expr 
	expr:  expr.CONCAT expr 
	expr:  expr.AND expr 
	expr:  expr.OR expr 
	expr:  expr.EQ expr 
	expr:  expr.LT expr 
	expr:  expr.LTE expr 
	expr:  expr LTE expr.    (57)
	expr:  expr.GT expr 
	expr:  expr.GTE expr 
	expr:  expr.NE expr 
	expr:  expr.LIKE expr 
	expr:  expr.NOT LIKE expr 
	expr:  expr.DOT IDENTIFIER 
	expr:  expr.LBRACKET expr RBRACKET 
	expr:  expr.IS NULL 
	expr:  expr.IS NOT NULL 
	expr:  expr.IS MISSING 
	expr:  expr.IS NOT MISSING 
	expr:  expr.IS VALUED 
	expr:  expr.IS NOT VALUED 

	PLUS  shift 78
	MINUS  shift 79
	MULT  shift 80
	DIV  shift 81
	CONCAT  shift 83
	NOT  shift 93
	IS  shift 96
	MOD  shift 82
	.  reduce 57 (src line 468)


state 134
	expr:  expr.PLUS expr 
	expr:  expr.MINUS expr 
	expr:  expr.MULT expr 
	expr:  expr.DIV expr 
	expr:  expr.MOD expr 
	expr:  expr.CONCAT expr 
	expr:  expr.AND expr 
	expr:  expr.OR expr 
	expr:  expr.EQ expr 
	expr:  expr.LT expr 
	expr:  expr.LTE expr 
	expr:  expr.GT expr 
	expr:  expr GT expr.    (58)
	expr:  expr.GTE expr 
	expr:  expr.NE expr 
	expr:  expr.LIKE expr 
	expr:  expr.NOT LIKE expr 
	expr:  expr.DOT IDENTIFIER 
	expr:  expr.LBRACKET expr RBRACKET 
	expr:  expr.IS NULL 
	expr:  expr.IS NOT NULL 
	expr:  expr.IS MISSING 
	expr:  expr.IS NOT MISSING 
	expr:  expr.IS VALUED 
	expr:  expr.IS NOT VALUED 

	PLUS  shift 78
	MINUS  shift 79
	MULT  shift 80
	DIV  shift 81
	CONCAT  shift 83
	NOT  shift 93
	IS  shift 96
	MOD  shift 82
	.  reduce 58 (src line 476)


state 135
	expr:  expr.PLUS expr 
	expr:  expr.MINUS expr 
	expr:  expr.MULT expr 
	expr:  expr.DIV expr 
	expr:  expr.MOD expr 
	expr:  expr.CONCAT expr 
	expr:  expr.AND expr 
	expr:  expr.OR expr 
	expr:  expr.EQ expr 
	expr:  expr.LT expr 
	expr:  expr.LTE expr 
	expr:  expr.GT expr 
	expr:  expr.GTE expr 
	expr:  expr GTE expr.    (59)
	expr:  expr.NE expr 
	expr:  expr.LIKE expr 
	expr:  expr.NOT LIKE expr 
	expr:  expr.DOT IDENTIFIER 
	expr:  expr.LBRACKET expr RBRACKET 
	expr:  expr.IS NULL 
	expr:  expr.IS NOT NULL 
	expr:  expr.IS MISSING 
	expr:  expr.IS NOT MISSING 
	expr:  expr.IS VALUED 
	expr:  expr.IS NOT VALUED 

	PLUS  shift 78
	MINUS  shift 79
	MULT  shift 80
	DIV  shift 81
	CONCAT  shift 83
	NOT  shift 93
	IS  shift 96
	MOD  shift 82
	.  reduce 59 (src line 484)


state 136
	expr:  expr.PLUS expr 
	expr:  expr.MINUS expr 
	expr:  expr.MULT expr 
	expr:  expr.DIV expr 
	expr:  expr.MOD expr 
	expr:  expr.CONCAT expr 
	expr:  expr.AND expr 
	expr:  expr.OR expr 
	expr:  expr.EQ expr 
	expr:  expr.LT expr 
	expr:  expr.LTE expr 
	expr:  expr.GT expr 
	expr:  expr.GTE expr 
	expr:  expr.NE expr 
	expr:  expr NE expr.    (60)
	expr:  expr.LIKE expr 
	expr:  expr.NOT LIKE expr 
	expr:  expr.DOT IDENTIFIER 
	expr:  expr.LBRACKET expr RBRACKET 
	expr:  expr.IS NULL 
	expr:  expr.IS NOT NULL 
	expr:  expr.IS MISSING 
	expr:  expr.IS NOT MISSING 
	expr:  expr.IS VALUED 
	expr:  expr.IS NOT VALUED 

	PLUS  shift 78
	MINUS  shift 79
	MULT  shift 80
	DIV  shift 81
	CONCAT  shift 83
	NOT  shift 93
	IS  shift 96
	MOD  shift 82
	.  reduce 60 (src line 492)


state 137
	expr:  expr.PLUS expr 
	expr:  expr.MINUS expr 
	expr:  expr.MULT expr 
	expr:  expr.DIV expr 
	expr:  expr.MOD expr 
	expr:  expr.CONCAT expr 
	expr:  expr.AND expr 
	expr:  expr.OR expr 
	expr:  expr.EQ expr 
	expr:  expr.LT expr 
	expr:  expr.LTE expr 
	expr:  expr.GT expr 
	expr:  expr.GTE expr 
	expr:  expr.NE expr 
	expr:  expr.LIKE expr 
	expr:  expr LIKE expr.    (61)
	expr:  expr.NOT LIKE expr 
	expr:  expr.DOT IDENTIFIER 
	expr:  expr.LBRACKET expr RBRACKET 
	expr:  expr.IS NULL 
	expr:  expr.IS NOT NULL 
	expr:  expr.IS MISSING 
	expr:  expr.IS NOT MISSING 
	expr:  expr.IS VALUED 
	expr:  expr.IS NOT VALUED 

	PLUS  shift 78
	MINUS  shift 79
	MULT  shift 80
	DIV  shift 81
	CONCAT  shift 83
	NOT  shift 93
	IS  shift 96
	MOD  shift 82
	.  reduce 61 (src line 500)


state 138
	expr:  expr NOT LIKE.expr 

	LBRACE  shift 56
	LBRACKET  shift 57
	TRUE  shift 51
	FALSE  shift 52
	NULL  shift 53
	INT  shift 54
	NUMBER  shift 55
	IDENTIFIER  shift 41
	STRING  shift 47
	MINUS  shift 38
	NOT  shift 37
	LPAREN  shift 43
	CASE  shift 44
	ANY  shift 45
	ALL  shift 46
	.  error

	expr  goto 171
	prefix_expr  goto 36
	suffix_expr  goto 39
	atom  goto 40
	literal_value  goto 42
	number  goto 48
	object  goto 49
	array  goto 50

state 139
	expr:  expr DOT IDENTIFIER.    (63)

	.  reduce 63 (src line 516)


state 140
	expr:  expr.PLUS expr 
	expr:  expr.MINUS expr 
	expr:  expr.MULT expr 
	expr:  expr.DIV expr 
	expr:  expr.MOD expr 
	expr:  expr.CONCAT expr 
	expr:  expr.AND expr 
	expr:  expr.OR expr 
	expr:  expr.EQ expr 
	expr:  expr.LT expr 
	expr:  expr.LTE expr 
	expr:  expr.GT expr 
	expr:  expr.GTE expr 
	expr:  expr.NE expr 
	expr:  expr.LIKE expr 
	expr:  expr.NOT LIKE expr 
	expr:  expr.DOT IDENTIFIER 
	expr:  expr.LBRACKET expr RBRACKET 
	expr:  expr LBRACKET expr.RBRACKET 
	expr:  expr.IS NULL 
	expr:  expr.IS NOT NULL 
	expr:  expr.IS MISSING 
	expr:  expr.IS NOT MISSING 
	expr:  expr.IS VALUED 
	expr:  expr.IS NOT VALUED 

	LBRACKET  shift 95
	RBRACKET  shift 172
	PLUS  shift 78
	MINUS  shift 79
	MULT  shift 80
	DIV  shift 81
	CONCAT  shift 83
	AND  shift 84
	OR  shift 85
	NOT  shift 93
	EQ  shift 86
	NE  shift 91
	GT  shift 89
	GTE  shift 90
	LT  shift 87
	LTE  shift 88
	LIKE  shift 92
	IS  shift 96
	DOT  shift 94
	MOD  shift 82
	.  error


state 141
	expr:  expr IS NULL.    (65)

	.  reduce 65 (src line 532)


state 142
	expr:  expr IS NOT.NULL 
	expr:  expr IS NOT.MISSING 
	expr:  expr IS NOT.VALUED 

	NULL  shift 173
	VALUED  shift 175
	MISSING  shift 174
	.  error


state 143
	expr:  expr IS MISSING.    (67)

	.  reduce 67 (src line 546)


state 144
	expr:  expr IS VALUED.    (69)

	.  reduce 69 (src line 560)


state 145
	atom:  IDENTIFIER LPAREN RPAREN.    (82)

	.  reduce 82 (src line 652)


state 146
	atom:  IDENTIFIER LPAREN function_arg_list.RPAREN 

	RPAREN  shift 176
	.  error


state 147
	atom:  IDENTIFIER LPAREN DISTINCT.function_arg_list RPAREN 

	LBRACE  shift 56
	LBRACKET  shift 57
	TRUE  shift 51
	FALSE  shift 52
	NULL  shift 53
	INT  shift 54
	NUMBER  shift 55
	IDENTIFIER  shift 41
	STRING  shift 47
	MINUS  shift 38
	MULT  shift 152
	NOT  shift 37
	LPAREN  shift 43
	CASE  shift 44
	ANY  shift 45
	ALL  shift 46
	.  error

	expression  goto 151
	expr  goto 153
	prefix_expr  goto 36
	suffix_expr  goto 39
	atom  goto 40
	literal_value  goto 42
	function_arg_list  goto 177
	function_arg_single  goto 149
	fun_dotted_path_star  goto 150
	number  goto 48
	object  goto 49
	array  goto 50

state 148
	atom:  IDENTIFIER LPAREN UNIQUE.function_arg_list RPAREN 

	LBRACE  shift 56
	LBRACKET  shift 57
	TRUE  shift 51
	FALSE  shift 52
	NULL  shift 53
	INT  shift 54
	NUMBER  shift 55
	IDENTIFIER  shift 41
	STRING  shift 47
	MINUS  shift 38
	MULT  shift 152
	NOT  shift 37
	LPAREN  shift 43
	CASE  shift 44
	ANY  shift 45
	ALL  shift 46
	.  error

	expression  goto 151
	expr  goto 153
	prefix_expr  goto 36
	suffix_expr  goto 39
	atom  goto 40
	literal_value  goto 42
	function_arg_list  goto 178
	function_arg_single  goto 149
	fun_dotted_path_star  goto 150
	number  goto 48
	object  goto 49
	array  goto 50

state 149
	function_arg_list:  function_arg_single.    (93)
	function_arg_list:  function_arg_single.COMMA function_arg_list 

	COMMA  shift 179
	.  reduce 93 (src line 737)


state 150
	function_arg_single:  fun_dotted_path_star.    (95)

	.  reduce 95 (src line 756)


state 151
	function_arg_single:  expression.    (96)

	.  reduce 96 (src line 760)


state 152
	fun_dotted_path_star:  MULT.    (97)

	.  reduce 97 (src line 769)


state 153
	expression:  expr.    (46)
	expr:  expr.PLUS expr 
	expr:  expr.MINUS expr 
	expr:  expr.MULT expr 
	expr:  expr.DIV expr 
	expr:  expr.MOD expr 
	expr:  expr.CONCAT expr 
	expr:  expr.AND expr 
	expr:  expr.OR expr 
	expr:  expr.EQ expr 
	expr:  expr.LT expr 
	expr:  expr.LTE expr 
	expr:  expr.GT expr 
	expr:  expr.GTE expr 
	expr:  expr.NE expr 
	expr:  expr.LIKE expr 
	expr:  expr.NOT LIKE expr 
	expr:  expr.DOT IDENTIFIER 
	expr:  expr.LBRACKET expr RBRACKET 
	expr:  expr.IS NULL 
	expr:  expr.IS NOT NULL 
	expr:  expr.IS MISSING 
	expr:  expr.IS NOT MISSING 
	expr:  expr.IS VALUED 
	expr:  expr.IS NOT VALUED 
	fun_dotted_path_star:  expr.DOT MULT 

	LBRACKET  shift 95
	PLUS  shift 78
	MINUS  shift 79
	MULT  shift 80
	DIV  shift 81
	CONCAT  shift 83
	AND  shift 84
	OR  shift 85
	NOT  shift 93
	EQ  shift 86
	NE  shift 91
	GT  shift 89
	GTE  shift 90
	LT  shift 87
	LTE  shift 88
	LIKE  shift 92
	IS  shift 96
	DOT  shift 180
	MOD  shift 82
	.  reduce 46 (src line 383)


state 154
	atom:  LPAREN expression RPAREN.    (78)

	.  reduce 78 (src line 615)


state 155
	atom:  CASE WHEN then_list.else_expr END 
	else_expr: .    (88)

	ELSE  shift 182
	.  reduce 88 (src line 703)

	else_expr  goto 181

state 156
	expr:  expr.PLUS expr 
	expr:  expr.MINUS expr 
	expr:  expr.MULT expr 
	expr:  expr.DIV expr 
	expr:  expr.MOD expr 
	expr:  expr.CONCAT expr 
	expr:  expr.AND expr 
	expr:  expr.OR expr 
	expr:  expr.EQ expr 
	expr:  expr.LT expr 
	expr:  expr.LTE expr 
	expr:  expr.GT expr 
	expr:  expr.GTE expr 
	expr:  expr.NE expr 
	expr:  expr.LIKE expr 
	expr:  expr.NOT LIKE expr 
	expr:  expr.DOT IDENTIFIER 
	expr:  expr.LBRACKET expr RBRACKET 
	expr:  expr.IS NULL 
	expr:  expr.IS NOT NULL 
	expr:  expr.IS MISSING 
	expr:  expr.IS NOT MISSING 
	expr:  expr.IS VALUED 
	expr:  expr.IS NOT VALUED 
	then_list:  expr.THEN expr 
	then_list:  expr.THEN expr WHEN then_list 

	LBRACKET  shift 95
	PLUS  shift 78
	MINUS  shift 79
	MULT  shift 80
	DIV  shift 81
	CONCAT  shift 83
	AND  shift 84
	OR  shift 85
	NOT  shift 93
	EQ  shift 86
	NE  shift 91
	GT  shift 89
	GTE  shift 90
	LT  shift 87
	LTE  shift 88
	LIKE  shift 92
	IS  shift 96
	DOT  shift 94
	THEN  shift 183
	MOD  shift 82
	.  error


state 157
	atom:  ANY expr OVER.path AS IDENTIFIER 

	IDENTIFIER  shift 25
	.  error

	path  goto 184

state 158
	atom:  ALL expr OVER.path AS IDENTIFIER 

	IDENTIFIER  shift 25
	.  error

	path  goto 185

state 159
	object:  LBRACE named_expression_list RBRACE.    (109)

	.  reduce 109 (src line 843)


state 160
	named_expression_list:  named_expression_single COMMA.named_expression_list 

	STRING  shift 107
	.  error

	named_expression_list  goto 186
	named_expression_single  goto 106

state 161
	named_expression_single:  STRING COLON.expression 

	LBRACE  shift 56
	LBRACKET  shift 57
	TRUE  shift 51
	FALSE  shift 52
	NULL  shift 53
	INT  shift 54
	NUMBER  shift 55
	IDENTIFIER  shift 41
	STRING  shift 47
	MINUS  shift 38
	NOT  shift 37
	LPAREN  shift 43
	CASE  shift 44
	ANY  shift 45
	ALL  shift 46
	.  error

	expression  goto 187
	expr  goto 35
	prefix_expr  goto 36
	suffix_expr  goto 39
	atom  goto 40
	literal_value  goto 42
	number  goto 48
	object  goto 49
	array  goto 50

state 162
	array:  LBRACKET expression_list RBRACKET.    (114)

	.  reduce 114 (src line 881)


state 163
	expression_list:  expression COMMA.expression_list 

	LBRACE  shift 56
	LBRACKET  shift 57
	TRUE  shift 51
	FALSE  shift 52
	NULL  shift 53
	INT  shift 54
	NUMBER  shift 55
	IDENTIFIER  shift 41
	STRING  shift 47
	MINUS  shift 38
	NOT  shift 37
	LPAREN  shift 43
	CASE  shift 44
	ANY  shift 45
	ALL  shift 46
	.  error

	expression_list  goto 188
	expression  goto 110
	expr  goto 35
	prefix_expr  goto 36
	suffix_expr  goto 39
	atom  goto 40
	literal_value  goto 42
	number  goto 48
	object  goto 49
	array  goto 50

state 164
	result_list:  result_single COMMA result_list.    (19)

	.  reduce 19 (src line 175)


state 165
	result_single:  expression AS IDENTIFIER.    (22)

	.  reduce 22 (src line 199)


state 166
	dotted_path_star:  expr DOT MULT.    (24)

	.  reduce 24 (src line 214)


state 167
	path:  path LBRACKET INT RBRACKET.    (91)

	.  reduce 91 (src line 719)


state 168
	sorting_list:  sorting_single COMMA sorting_list.    (37)

	.  reduce 37 (src line 306)


state 169
	select_group_having:  GROUP BY expression_list having.    (9)

	.  reduce 9 (src line 91)


state 170
	having:  HAVING.expression 

	LBRACE  shift 56
	LBRACKET  shift 57
	TRUE  shift 51
	FALSE  shift 52
	NULL  shift 53
	INT  shift 54
	NUMBER  shift 55
	IDENTIFIER  shift 41
	STRING  shift 47
	MINUS  shift 38
	NOT  shift 37
	LPAREN  shift 43
	CASE  shift 44
	ANY  shift 45
	ALL  shift 46
	.  error

	expression  goto 189
	expr  goto 35
	prefix_expr  goto 36
	suffix_expr  goto 39
	atom  goto 40
	literal_value  goto 42
	number  goto 48
	object  goto 49
	array  goto 50

state 171
	expr:  expr.PLUS expr 
	expr:  expr.MINUS expr 
	expr:  expr.MULT expr 
	expr:  expr.DIV expr 
	expr:  expr.MOD expr 
	expr:  expr.CONCAT expr 
	expr:  expr.AND expr 
	expr:  expr.OR expr 
	expr:  expr.EQ expr 
	expr:  expr.LT expr 
	expr:  expr.LTE expr 
	expr:  expr.GT expr 
	expr:  expr.GTE expr 
	expr:  expr.NE expr 
	expr:  expr.LIKE expr 
	expr:  expr.NOT LIKE expr 
	expr:  expr NOT LIKE expr.    (62)
	expr:  expr.DOT IDENTIFIER 
	expr:  expr.LBRACKET expr RBRACKET 
	expr:  expr.IS NULL 
	expr:  expr.IS NOT NULL 
	expr:  expr.IS MISSING 
	expr:  expr.IS NOT MISSING 
	expr:  expr.IS VALUED 
	expr:  expr.IS NOT VALUED 

	PLUS  shift 78
	MINUS  shift 79
	MULT  shift 80
	DIV  shift 81
	CONCAT  shift 83
	NOT  shift 93
	IS  shift 96
	MOD  shift 82
	.  reduce 62 (src line 508)


state 172
	expr:  expr LBRACKET expr RBRACKET.    (64)

	.  reduce 64 (src line 524)


state 173
	expr:  expr IS NOT NULL.    (66)

	.  reduce 66 (src line 539)


state 174
	expr:  expr IS NOT MISSING.    (68)

	.  reduce 68 (src line 553)


state 175
	expr:  expr IS NOT VALUED.    (70)

	.  reduce 70 (src line 567)


state 176
	atom:  IDENTIFIER LPAREN function_arg_list RPAREN.    (83)

	.  reduce 83 (src line 658)


state 177
	atom:  IDENTIFIER LPAREN DISTINCT function_arg_list.RPAREN 

	RPAREN  shift 190
	.  error


state 178
	atom:  IDENTIFIER LPAREN UNIQUE function_arg_list.RPAREN 

	RPAREN  shift 191
	.  error


state 179
	function_arg_list:  function_arg_single COMMA.function_arg_list 

	LBRACE  shift 56
	LBRACKET  shift 57
	TRUE  shift 51
	FALSE  shift 52
	NULL  shift 53
	INT  shift 54
	NUMBER  shift 55
	IDENTIFIER  shift 41
	STRING  shift 47
	MINUS  shift 38
	MULT  shift 152
	NOT  shift 37
	LPAREN  shift 43
	CASE  shift 44
	ANY  shift 45
	ALL  shift 46
	.  error

	expression  goto 151
	expr  goto 153
	prefix_expr  goto 36
	suffix_expr  goto 39
	atom  goto 40
	literal_value  goto 42
	function_arg_list  goto 192
	function_arg_single  goto 149
	fun_dotted_path_star  goto 150
	number  goto 48
	object  goto 49
	array  goto 50

state 180
	expr:  expr DOT.IDENTIFIER 
	fun_dotted_path_star:  expr DOT.MULT 

	IDENTIFIER  shift 139
	MULT  shift 193
	.  error


state 181
	atom:  CASE WHEN then_list else_expr.END 

	END  shift 194
	.  error


state 182
	else_expr:  ELSE.expr 

	LBRACE  shift 56
	LBRACKET  shift 57
	TRUE  shift 51
	FALSE  shift 52
	NULL  shift 53
	INT  shift 54
	NUMBER  shift 55
	IDENTIFIER  shift 41
	STRING  shift 47
	MINUS  shift 38
	NOT  shift 37
	LPAREN  shift 43
	CASE  shift 44
	ANY  shift 45
	ALL  shift 46
	.  error

	expr  goto 195
	prefix_expr  goto 36
	suffix_expr  goto 39
	atom  goto 40
	literal_value  goto 42
	number  goto 48
	object  goto 49
	array  goto 50

state 183
	then_list:  expr THEN.expr 
	then_list:  expr THEN.expr WHEN then_list 

	LBRACE  shift 56
	LBRACKET  shift 57
	TRUE  shift 51
	FALSE  shift 52
	NULL  shift 53
	INT  shift 54
	NUMBER  shift 55
	IDENTIFIER  shift 41
	STRING  shift 47
	MINUS  shift 38
	NOT  shift 37
	LPAREN  shift 43
	CASE  shift 44
	ANY  shift 45
	ALL  shift 46
	.  error

	expr  goto 196
	prefix_expr  goto 36
	suffix_expr  goto 39
	atom  goto 40
	literal_value  goto 42
	number  goto 48
	object  goto 49
	array  goto 50

state 184
	atom:  ANY expr OVER path.AS IDENTIFIER 
	path:  path.LBRACKET INT RBRACKET 
	path:  path.DOT IDENTIFIER 

	AS  shift 197
	LBRACKET  shift 67
	DOT  shift 68
	.  error


state 185
	atom:  ALL expr OVER path.AS IDENTIFIER 
	path:  path.LBRACKET INT RBRACKET 
	path:  path.DOT IDENTIFIER 

	AS  shift 198
	LBRACKET  shift 67
	DOT  shift 68
	.  error


state 186
	named_expression_list:  named_expression_single COMMA named_expression_list.    (111)

	.  reduce 111 (src line 853)


state 187
	named_expression_single:  STRING COLON expression.    (112)

	.  reduce 112 (src line 865)


state 188
	expression_list:  expression COMMA expression_list.    (116)

	.  reduce 116 (src line 897)


state 189
	having:  HAVING expression.    (11)

	.  reduce 11 (src line 106)


state 190
	atom:  IDENTIFIER LPAREN DISTINCT function_arg_list RPAREN.    (84)

	.  reduce 84 (src line 665)


state 191
	atom:  IDENTIFIER LPAREN UNIQUE function_arg_list RPAREN.    (85)

	.  reduce 85 (src line 672)


state 192
	function_arg_list:  function_arg_single COMMA function_arg_list.    (94)

	.  reduce 94 (src line 742)


state 193
	fun_dotted_path_star:  expr DOT MULT.    (98)

	.  reduce 98 (src line 775)


state 194
	atom:  CASE WHEN then_list else_expr END.    (79)

	.  reduce 79 (src line 619)


state 195
	expr:  expr.PLUS expr 
	expr:  expr.MINUS expr 
	expr:  expr.MULT expr 
	expr:  expr.DIV expr 
	expr:  expr.MOD expr 
	expr:  expr.CONCAT expr 
	expr:  expr.AND expr 
	expr:  expr.OR expr 
	expr:  expr.EQ expr 
	expr:  expr.LT expr 
	expr:  expr.LTE expr 
	expr:  expr.GT expr 
	expr:  expr.GTE expr 
	expr:  expr.NE expr 
	expr:  expr.LIKE expr 
	expr:  expr.NOT LIKE expr 
	expr:  expr.DOT IDENTIFIER 
	expr:  expr.LBRACKET expr RBRACKET 
	expr:  expr.IS NULL 
	expr:  expr.IS NOT NULL 
	expr:  expr.IS MISSING 
	expr:  expr.IS NOT MISSING 
	expr:  expr.IS VALUED 
	expr:  expr.IS NOT VALUED 
	else_expr:  ELSE expr.    (89)

	LBRACKET  shift 95
	PLUS  shift 78
	MINUS  shift 79
	MULT  shift 80
	DIV  shift 81
	CONCAT  shift 83
	AND  shift 84
	OR  shift 85
	NOT  shift 93
	EQ  shift 86
	NE  shift 91
	GT  shift 89
	GTE  shift 90
	LT  shift 87
	LTE  shift 88
	LIKE  shift 92
	IS  shift 96
	DOT  shift 94
	MOD  shift 82
	.  reduce 89 (src line 707)


state 196
	expr:  expr.PLUS expr 
	expr:  expr.MINUS expr 
	expr:  expr.MULT expr 
	expr:  expr.DIV expr 
	expr:  expr.MOD expr 
	expr:  expr.CONCAT expr 
	expr:  expr.AND expr 
	expr:  expr.OR expr 
	expr:  expr.EQ expr 
	expr:  expr.LT expr 
	expr:  expr.LTE expr 
	expr:  expr.GT expr 
	expr:  expr.GTE expr 
	expr:  expr.NE expr 
	expr:  expr.LIKE expr 
	expr:  expr.NOT LIKE expr 
	expr:  expr.DOT IDENTIFIER 
	expr:  expr.LBRACKET expr RBRACKET 
	expr:  expr.IS NULL 
	expr:  expr.IS NOT NULL 
	expr:  expr.IS MISSING 
	expr:  expr.IS NOT MISSING 
	expr:  expr.IS VALUED 
	expr:  expr.IS NOT VALUED 
	then_list:  expr THEN expr.    (86)
	then_list:  expr THEN expr.WHEN then_list 

	LBRACKET  shift 95
	PLUS  shift 78
	MINUS  shift 79
	MULT  shift 80
	DIV  shift 81
	CONCAT  shift 83
	AND  shift 84
	OR  shift 85
	NOT  shift 93
	EQ  shift 86
	NE  shift 91
	GT  shift 89
	GTE  shift 90
	LT  shift 87
	LTE  shift 88
	LIKE  shift 92
	IS  shift 96
	DOT  shift 94
	WHEN  shift 199
	MOD  shift 82
	.  reduce 86 (src line 681)


state 197
	atom:  ANY expr OVER path AS.IDENTIFIER 

	IDENTIFIER  shift 200
	.  error


state 198
	atom:  ALL expr OVER path AS.IDENTIFIER 

	IDENTIFIER  shift 201
	.  error


state 199
	then_list:  expr THEN expr WHEN.then_list 

	LBRACE  shift 56
	LBRACKET  shift 57
	TRUE  shift 51
	FALSE  shift 52
	NULL  shift 53
	INT  shift 54
	NUMBER  shift 55
	IDENTIFIER  shift 41
	STRING  shift 47
	MINUS  shift 38
	NOT  shift 37
	LPAREN  shift 43
	CASE  shift 44
	ANY  shift 45
	ALL  shift 46
	.  error

	expr  goto 156
	prefix_expr  goto 36
	suffix_expr  goto 39
	atom  goto 40
	literal_value  goto 42
	then_list  goto 202
	number  goto 48
	object  goto 49
	array  goto 50

state 200
	atom:  ANY expr OVER path AS IDENTIFIER.    (80)

	.  reduce 80 (src line 636)


state 201
	atom:  ALL expr OVER path AS IDENTIFIER.    (81)

	.  reduce 81 (src line 644)


state 202
	then_list:  expr THEN expr WHEN then_list.    (87)

	.  reduce 87 (src line 689)


61 terminals, 44 nonterminals
117 grammar rules, 203/2000 states
0 shift/reduce, 0 reduce/reduce conflicts reported
93 working sets used
memory: parser 524/30000
103 extra closures
983 shift entries, 1 exceptions
102 goto entries
303 entries saved by goto default
Optimizer space used: output 635/30000
635 table entries, 171 zero
maximum spread: 61, maximum offset: 199
